<?xml version="1.0" encoding="UTF-8"?>
<!-- Generated by org.testng.reporters.JUnitXMLReporter -->
<testsuite ignored="0" hostname="pc0629" failures="3" tests="4" name="Test" time="0.06" errors="0" timestamp="07 Jun 2022 11:22:10 GMT">
  <testcase classname="stepDefinition.StepDefinition" name="clear_the_and_fields" time="0.0">
    <failure type="org.testng.TestNGException" message="
Cannot inject @Test annotated Method [clear_the_and_fields] with [class java.lang.String, class java.lang.String].
For more information on native dependency injection please refer to http://testng.org/doc/documentation-main.html#native-dependency-injection">
      <![CDATA[org.testng.TestNGException: 
Cannot inject @Test annotated Method [clear_the_and_fields] with [class java.lang.String, class java.lang.String].
For more information on native dependency injection please refer to http://testng.org/doc/documentation-main.html#native-dependency-injection
... Removed 24 stack frames]]>
    </failure>
  </testcase> <!-- clear_the_and_fields -->
  <testcase classname="stepDefinition.StepDefinition" name="display_that_user_is_successfully_logged_in" time="0.002"/>
  <testcase classname="stepDefinition.StepDefinition" name="user_enters_and_in_both_fields" time="0.0">
    <failure type="org.testng.TestNGException" message="
Cannot inject @Test annotated Method [user_enters_and_in_both_fields] with [class java.lang.String, class java.lang.String].
For more information on native dependency injection please refer to http://testng.org/doc/documentation-main.html#native-dependency-injection">
      <![CDATA[org.testng.TestNGException: 
Cannot inject @Test annotated Method [user_enters_and_in_both_fields] with [class java.lang.String, class java.lang.String].
For more information on native dependency injection please refer to http://testng.org/doc/documentation-main.html#native-dependency-injection
... Removed 24 stack frames]]>
    </failure>
  </testcase> <!-- user_enters_and_in_both_fields -->
  <testcase classname="stepDefinition.StepDefinition" name="user_enters_and_in_both_fields_and_clicks_on_signin_button" time="0.0">
    <failure type="org.testng.TestNGException" message="
Cannot inject @Test annotated Method [user_enters_and_in_both_fields_and_clicks_on_signin_button] with [class java.lang.String, class java.lang.String].
For more information on native dependency injection please refer to http://testng.org/doc/documentation-main.html#native-dependency-injection">
      <![CDATA[org.testng.TestNGException: 
Cannot inject @Test annotated Method [user_enters_and_in_both_fields_and_clicks_on_signin_button] with [class java.lang.String, class java.lang.String].
For more information on native dependency injection please refer to http://testng.org/doc/documentation-main.html#native-dependency-injection
... Removed 24 stack frames]]>
    </failure>
  </testcase> <!-- user_enters_and_in_both_fields_and_clicks_on_signin_button -->
</testsuite> <!-- Test -->
